<?xml version="1.0" encoding="UTF-8"?>
<!-- Generated by org.testng.reporters.JUnitXMLReporter -->
<testsuite ignored="0" hostname="DESKTOP-IQ8BD54" failures="0" tests="4" name="Surefire test" time="0.64" errors="0" timestamp="2024-08-26T15:58:45 IST">
  <testcase classname="baseTest.BaseClass" name="@BeforeClass setUp" time="-1.724668125365E9">
    <failure type="org.testng.TestNGException" message="
Parameter &amp;apos;os&amp;apos; is required by BeforeClass on method setUp but has not been marked @Optional or defined
">
      <![CDATA[org.testng.TestNGException: 
Parameter 'os' is required by BeforeClass on method setUp but has not been marked @Optional or defined

at java.base/java.util.ArrayList.forEach(ArrayList.java:1511)
... Removed 27 stack frames]]>
    </failure>
  </testcase> <!-- @BeforeClass setUp -->
  <testcase classname="baseTest.BaseClass" name="@BeforeMethod login" time="0.0">
    <skipped/>
  </testcase> <!-- @BeforeMethod login -->
  <testcase classname="baseTest.BaseClass" name="@AfterClass closeSetup" time="0.0">
    <skipped/>
  </testcase> <!-- @AfterClass closeSetup -->
  <testcase classname="baseTest.BaseClass" name="@AfterClass logout" time="0.0">
    <skipped/>
  </testcase> <!-- @AfterClass logout -->
  <testcase classname="baseTest.BaseClass" name="@BeforeClass setUp" time="-1.724668125454E9">
    <failure type="org.testng.TestNGException" message="
Parameter &amp;apos;os&amp;apos; is required by BeforeClass on method setUp but has not been marked @Optional or defined
">
      <![CDATA[org.testng.TestNGException: 
Parameter 'os' is required by BeforeClass on method setUp but has not been marked @Optional or defined

at java.base/java.util.ArrayList.forEach(ArrayList.java:1511)
... Removed 27 stack frames]]>
    </failure>
  </testcase> <!-- @BeforeClass setUp -->
  <testcase classname="baseTest.BaseClass" name="@BeforeMethod login" time="0.0">
    <skipped/>
  </testcase> <!-- @BeforeMethod login -->
  <testcase classname="baseTest.BaseClass" name="@AfterClass closeSetup" time="0.0">
    <skipped/>
  </testcase> <!-- @AfterClass closeSetup -->
  <testcase classname="baseTest.BaseClass" name="@AfterClass logout" time="0.0">
    <skipped/>
  </testcase> <!-- @AfterClass logout -->
  <testcase classname="baseTest.BaseClass" name="@BeforeClass setUp" time="-1.724668125469E9">
    <failure type="org.testng.TestNGException" message="
Parameter &amp;apos;os&amp;apos; is required by BeforeClass on method setUp but has not been marked @Optional or defined
">
      <![CDATA[org.testng.TestNGException: 
Parameter 'os' is required by BeforeClass on method setUp but has not been marked @Optional or defined

at java.base/java.util.ArrayList.forEach(ArrayList.java:1511)
... Removed 27 stack frames]]>
    </failure>
  </testcase> <!-- @BeforeClass setUp -->
  <testcase classname="baseTest.BaseClass" name="@BeforeMethod login" time="0.0">
    <skipped/>
  </testcase> <!-- @BeforeMethod login -->
  <testcase classname="baseTest.BaseClass" name="@BeforeMethod login" time="0.0">
    <skipped/>
  </testcase> <!-- @BeforeMethod login -->
  <testcase classname="baseTest.BaseClass" name="@AfterClass closeSetup" time="0.0">
    <skipped/>
  </testcase> <!-- @AfterClass closeSetup -->
  <testcase classname="baseTest.BaseClass" name="@AfterClass logout" time="0.0">
    <skipped/>
  </testcase> <!-- @AfterClass logout -->
  <testcase classname="testCases.TC003LoginWithValidDataTest" name="loginWithValidData" time="0.0">
    <skipped/>
  </testcase> <!-- loginWithValidData -->
  <testcase classname="testCases.TC_001RegistetTest" name="userRegistration" time="0.001">
    <skipped/>
  </testcase> <!-- userRegistration -->
  <testcase classname="testCases.TC_002LoginWithValidAndInvalidDataTest" name="loginWithValidAndInvalidData" time="0.0">
    <skipped/>
  </testcase> <!-- loginWithValidAndInvalidData -->
  <testcase classname="testCases.TC_002LoginWithValidAndInvalidDataTest" name="loginWithValidAndInvalidData" time="0.0">
    <skipped/>
  </testcase> <!-- loginWithValidAndInvalidData -->
</testsuite> <!-- Surefire test -->
