<?xml version="1.0" encoding="UTF-8"?>
<!-- Generated by org.testng.reporters.JUnitXMLReporter -->
<testsuite ignored="0" hostname="DESKTOP-IQ8BD54" failures="0" tests="6" name="Test" time="0.748" errors="0" timestamp="2024-09-11T12:00:33 IST">
  <testcase classname="baseTest.BaseClass" name="@BeforeClass setUp" time="-1.726036232985E9">
    <failure type="org.testng.TestNGException" message="
Parameter &amp;apos;os&amp;apos; is required by BeforeClass on method setUp but has not been marked @Optional or defined
in E:\SeleniumProject\com.OpenCart\.xml">
      <![CDATA[org.testng.TestNGException: 
Parameter 'os' is required by BeforeClass on method setUp but has not been marked @Optional or defined
in E:\SeleniumProject\com.OpenCart\.xml
at java.base/java.util.concurrent.ThreadPoolExecutor.runWorker(ThreadPoolExecutor.java:1136)
at java.base/java.util.concurrent.ThreadPoolExecutor$Worker.run(ThreadPoolExecutor.java:635)
at java.base/java.lang.Thread.run(Thread.java:840)
... Removed 7 stack frames]]>
    </failure>
  </testcase> <!-- @BeforeClass setUp -->
  <testcase classname="baseTest.BaseClass" name="@BeforeClass setUp" time="-1.726036232985E9">
    <failure type="org.testng.TestNGException" message="
Parameter &amp;apos;os&amp;apos; is required by BeforeClass on method setUp but has not been marked @Optional or defined
in E:\SeleniumProject\com.OpenCart\.xml">
      <![CDATA[org.testng.TestNGException: 
Parameter 'os' is required by BeforeClass on method setUp but has not been marked @Optional or defined
in E:\SeleniumProject\com.OpenCart\.xml
at java.base/java.util.concurrent.ThreadPoolExecutor.runWorker(ThreadPoolExecutor.java:1136)
at java.base/java.util.concurrent.ThreadPoolExecutor$Worker.run(ThreadPoolExecutor.java:635)
at java.base/java.lang.Thread.run(Thread.java:840)
... Removed 7 stack frames]]>
    </failure>
  </testcase> <!-- @BeforeClass setUp -->
  <testcase classname="baseTest.BaseClass" name="@BeforeClass setUp" time="-1.726036232985E9">
    <failure type="org.testng.TestNGException" message="
Parameter &amp;apos;os&amp;apos; is required by BeforeClass on method setUp but has not been marked @Optional or defined
in E:\SeleniumProject\com.OpenCart\.xml">
      <![CDATA[org.testng.TestNGException: 
Parameter 'os' is required by BeforeClass on method setUp but has not been marked @Optional or defined
in E:\SeleniumProject\com.OpenCart\.xml
at java.base/java.util.concurrent.ThreadPoolExecutor.runWorker(ThreadPoolExecutor.java:1136)
at java.base/java.util.concurrent.ThreadPoolExecutor$Worker.run(ThreadPoolExecutor.java:635)
at java.base/java.lang.Thread.run(Thread.java:840)
... Removed 7 stack frames]]>
    </failure>
  </testcase> <!-- @BeforeClass setUp -->
  <testcase classname="baseTest.BaseClass" name="@BeforeMethod login" time="0.0">
    <skipped/>
  </testcase> <!-- @BeforeMethod login -->
  <testcase classname="baseTest.BaseClass" name="@BeforeMethod login" time="0.0">
    <skipped/>
  </testcase> <!-- @BeforeMethod login -->
  <testcase classname="baseTest.BaseClass" name="@BeforeMethod login" time="0.0">
    <skipped/>
  </testcase> <!-- @BeforeMethod login -->
  <testcase classname="baseTest.BaseClass" name="@BeforeMethod login" time="0.0">
    <skipped/>
  </testcase> <!-- @BeforeMethod login -->
  <testcase classname="baseTest.BaseClass" name="@AfterClass closeSetup" time="0.0">
    <skipped/>
  </testcase> <!-- @AfterClass closeSetup -->
  <testcase classname="baseTest.BaseClass" name="@AfterClass closeSetup" time="0.0">
    <skipped/>
  </testcase> <!-- @AfterClass closeSetup -->
  <testcase classname="baseTest.BaseClass" name="@AfterClass logout" time="0.0">
    <skipped/>
  </testcase> <!-- @AfterClass logout -->
  <testcase classname="baseTest.BaseClass" name="@AfterClass logout" time="0.0">
    <skipped/>
  </testcase> <!-- @AfterClass logout -->
  <testcase classname="baseTest.BaseClass" name="@BeforeMethod login" time="0.0">
    <skipped/>
  </testcase> <!-- @BeforeMethod login -->
  <testcase classname="baseTest.BaseClass" name="@BeforeMethod login" time="0.0">
    <skipped/>
  </testcase> <!-- @BeforeMethod login -->
  <testcase classname="baseTest.BaseClass" name="@AfterClass closeSetup" time="0.0">
    <skipped/>
  </testcase> <!-- @AfterClass closeSetup -->
  <testcase classname="baseTest.BaseClass" name="@AfterClass logout" time="0.0">
    <skipped/>
  </testcase> <!-- @AfterClass logout -->
  <testcase classname="testCases.TC_001RegistetTest" name="userRegistration" time="0.0">
    <skipped/>
  </testcase> <!-- userRegistration -->
  <testcase classname="testCases.TC_005SearchProduct" name="searchTest" time="0.0">
    <skipped/>
  </testcase> <!-- searchTest -->
  <testcase classname="testCases.TC003LoginWithValidDataTest" name="loginWithValidData" time="0.001">
    <skipped/>
  </testcase> <!-- loginWithValidData -->
  <testcase classname="testCases.TC_005SearchProduct" name="searchTest" time="0.0">
    <skipped/>
  </testcase> <!-- searchTest -->
  <testcase classname="testCases.TC_005SearchProduct" name="searchTest" time="0.0">
    <skipped/>
  </testcase> <!-- searchTest -->
  <testcase classname="testCases.TC_005SearchProduct" name="searchTest" time="0.001">
    <skipped/>
  </testcase> <!-- searchTest -->
</testsuite> <!-- Test -->
